<?xml version="1.0" encoding="UTF-8"?>
<!-- Generated by org.testng.reporters.JUnitXMLReporter -->
<testsuite hostname="DESKTOP-RRIFBJJ" name="Create Manual Errand" tests="3" failures="0" timestamp="21 Jul 2023 02:35:32 GMT" time="32.745" errors="0">
  <testcase name="verifyAllComponentsInManualErrandPage_01" time="2.192" classname="testCasesArea.ErrandAndWorkflowTC"/>
  <testcase name="verifyCreateManualErrand_02" time="10.298" classname="testCasesArea.ErrandAndWorkflowTC"/>
  <testcase name="verifySendManualErrand_03" time="10.764" classname="testCasesArea.ErrandAndWorkflowTC"/>
</testsuite> <!-- Create Manual Errand -->
