<?xml version="1.0" encoding="UTF-8"?>
<!-- Generated by org.testng.reporters.JUnitXMLReporter -->
<testsuite hostname="DESKTOP-RRIFBJJ" name="login" tests="3" failures="1" timestamp="18 Jul 2023 07:52:56 GMT" time="37.474" errors="0">
  <testcase name="verifyAllComponentsInManualErrandPage_01" time="7.451" classname="testCasesArea.ErrandAndWorkflowTC"/>
  <testcase name="verifyCreateManualErrand_02" time="13.432" classname="testCasesArea.ErrandAndWorkflowTC"/>
  <testcase name="verifySendManualErrand_03" time="1.429" classname="testCasesArea.ErrandAndWorkflowTC">
    <failure type="org.openqa.selenium.ElementClickInterceptedException" message="element click intercepted: Element &amp;lt;button type=&amp;quot;button&amp;quot; class=&amp;quot;btn-transparent disabled&amp;quot; data-qa-id=&amp;quot;QA_showManualErrand&amp;quot; disabled=&amp;quot;&amp;quot;&amp;gt;...&amp;lt;/button&amp;gt; is not clickable at point (97, 727). Other element would receive the click: &amp;lt;div class=&amp;quot;errand-inner-back&amp;quot; data-qa-id=&amp;quot;errand-inner-back-select&amp;quot; style=&amp;quot;z-index: 500; position: absolute; height: 100%; width: 100%;&amp;quot;&amp;gt;&amp;lt;/div&amp;gt;
  (Session info: chrome=114.0.5735.199)
Build info: version: &amp;apos;4.10.0&amp;apos;, revision: &amp;apos;c14d967899&amp;apos;
System info: os.name: &amp;apos;Windows 11&amp;apos;, os.arch: &amp;apos;amd64&amp;apos;, os.version: &amp;apos;10.0&amp;apos;, java.version: &amp;apos;1.8.0_321&amp;apos;
Driver info: org.openqa.selenium.chrome.ChromeDriver
Command: [dc51a93f09b423898b1080f0303fe572, clickElement {id=FF1050B327BEB97F776B762C0AF95008_element_37}]
Capabilities {acceptInsecureCerts: false, browserName: chrome, browserVersion: 114.0.5735.199, chrome: {chromedriverVersion: 114.0.5735.16 (7e1ff058633f..., userDataDir: C:\Users\Acer\AppData\Local...}, goog:chromeOptions: {debuggerAddress: localhost:59542}, networkConnectionEnabled: false, pageLoadStrategy: normal, platformName: windows, proxy: Proxy(), se:cdp: ws://localhost:59542/devtoo..., se:cdpVersion: 114.0.5735.199, setWindowRect: true, strictFileInteractability: false, timeouts: {implicit: 0, pageLoad: 300000, script: 30000}, unhandledPromptBehavior: dismiss and notify, webauthn:extension:credBlob: true, webauthn:extension:largeBlob: true, webauthn:extension:minPinLength: true, webauthn:extension:prf: true, webauthn:virtualAuthenticators: true}
Element: [[ChromeDriver: chrome on windows (dc51a93f09b423898b1080f0303fe572)] -&amp;gt; css selector: [data-qa-id=&amp;apos;QA_showManualErrand&amp;apos;]]
Session ID: dc51a93f09b423898b1080f0303fe572">
      <![CDATA[org.openqa.selenium.ElementClickInterceptedException: element click intercepted: Element <button type="button" class="btn-transparent disabled" data-qa-id="QA_showManualErrand" disabled="">...</button> is not clickable at point (97, 727). Other element would receive the click: <div class="errand-inner-back" data-qa-id="errand-inner-back-select" style="z-index: 500; position: absolute; height: 100%; width: 100%;"></div>
  (Session info: chrome=114.0.5735.199)
Build info: version: '4.10.0', revision: 'c14d967899'
System info: os.name: 'Windows 11', os.arch: 'amd64', os.version: '10.0', java.version: '1.8.0_321'
Driver info: org.openqa.selenium.chrome.ChromeDriver
Command: [dc51a93f09b423898b1080f0303fe572, clickElement {id=FF1050B327BEB97F776B762C0AF95008_element_37}]
Capabilities {acceptInsecureCerts: false, browserName: chrome, browserVersion: 114.0.5735.199, chrome: {chromedriverVersion: 114.0.5735.16 (7e1ff058633f..., userDataDir: C:\Users\Acer\AppData\Local...}, goog:chromeOptions: {debuggerAddress: localhost:59542}, networkConnectionEnabled: false, pageLoadStrategy: normal, platformName: windows, proxy: Proxy(), se:cdp: ws://localhost:59542/devtoo..., se:cdpVersion: 114.0.5735.199, setWindowRect: true, strictFileInteractability: false, timeouts: {implicit: 0, pageLoad: 300000, script: 30000}, unhandledPromptBehavior: dismiss and notify, webauthn:extension:credBlob: true, webauthn:extension:largeBlob: true, webauthn:extension:minPinLength: true, webauthn:extension:prf: true, webauthn:virtualAuthenticators: true}
Element: [[ChromeDriver: chrome on windows (dc51a93f09b423898b1080f0303fe572)] -> css selector: [data-qa-id='QA_showManualErrand']]
Session ID: dc51a93f09b423898b1080f0303fe572
	at org.openqa.selenium.remote.codec.w3c.W3CHttpResponseCodec.createException(W3CHttpResponseCodec.java:199)
	at org.openqa.selenium.remote.codec.w3c.W3CHttpResponseCodec.decode(W3CHttpResponseCodec.java:132)
	at org.openqa.selenium.remote.codec.w3c.W3CHttpResponseCodec.decode(W3CHttpResponseCodec.java:51)
	at org.openqa.selenium.remote.HttpCommandExecutor.execute(HttpCommandExecutor.java:191)
	at org.openqa.selenium.remote.service.DriverCommandExecutor.invokeExecute(DriverCommandExecutor.java:196)
	at org.openqa.selenium.remote.service.DriverCommandExecutor.execute(DriverCommandExecutor.java:171)
	at org.openqa.selenium.remote.RemoteWebDriver.execute(RemoteWebDriver.java:531)
	at org.openqa.selenium.remote.RemoteWebElement.execute(RemoteWebElement.java:242)
	at org.openqa.selenium.remote.RemoteWebElement.click(RemoteWebElement.java:77)
	at org.openqa.selenium.support.pagefactory.internal.LocatingElementHandler.invoke(LocatingElementHandler.java:51)
	at com.sun.proxy.$Proxy15.click(Unknown Source)
	at pageFactory.CreateErrand.clickSendErrandTab(CreateErrand.java:231)
	at testCasesArea.ErrandAndWorkflowTC.verifySendManualErrand_03(ErrandAndWorkflowTC.java:54)
... Removed 32 stack frames]]>
    </failure>
  </testcase> <!-- verifySendManualErrand_03 -->
</testsuite> <!-- login -->
