<?xml version="1.0" encoding="UTF-8"?>
<testng-results skipped="0" failed="0" total="3" passed="3">
  <reporter-output>
  </reporter-output>
  <suite name="cention-QA" duration-ms="31973" started-at="2023-07-21T06:31:03Z" finished-at="2023-07-21T06:31:35Z">
    <groups>
    </groups>
    <test name="Create Manual Errand" duration-ms="31973" started-at="2023-07-21T06:31:03Z" finished-at="2023-07-21T06:31:35Z">
      <class name="testCasesArea.ErrandAndWorkflowTC">
        <test-method status="PASS" signature="Base(java.lang.String)[pri:0, instance:testCasesArea.ErrandAndWorkflowTC@45afc369]" name="Base" is-config="true" duration-ms="4029" started-at="2023-07-21T14:31:03Z" finished-at="2023-07-21T14:31:07Z">
          <params>
            <param index="0">
              <value>
                <![CDATA[chrome]]>
              </value>
            </param>
          </params>
          <reporter-output>
          </reporter-output>
        </test-method> <!-- Base -->
        <test-method status="PASS" signature="loginToApplication()[pri:0, instance:testCasesArea.ErrandAndWorkflowTC@45afc369]" name="loginToApplication" is-config="true" duration-ms="3831" started-at="2023-07-21T14:31:07Z" finished-at="2023-07-21T14:31:10Z">
          <reporter-output>
          </reporter-output>
        </test-method> <!-- loginToApplication -->
        <test-method status="PASS" signature="verifyAllComponentsInManualErrandPage_01()[pri:0, instance:testCasesArea.ErrandAndWorkflowTC@45afc369]" name="verifyAllComponentsInManualErrandPage_01" duration-ms="2400" started-at="2023-07-21T14:31:11Z" finished-at="2023-07-21T14:31:13Z">
          <reporter-output>
          </reporter-output>
        </test-method> <!-- verifyAllComponentsInManualErrandPage_01 -->
        <test-method status="PASS" signature="verifyCreateManualErrand_02()[pri:0, instance:testCasesArea.ErrandAndWorkflowTC@45afc369]" name="verifyCreateManualErrand_02" duration-ms="10944" started-at="2023-07-21T14:31:13Z" finished-at="2023-07-21T14:31:24Z">
          <reporter-output>
          </reporter-output>
        </test-method> <!-- verifyCreateManualErrand_02 -->
        <test-method status="PASS" signature="verifySendManualErrand_03()[pri:0, instance:testCasesArea.ErrandAndWorkflowTC@45afc369]" name="verifySendManualErrand_03" duration-ms="10397" started-at="2023-07-21T14:31:24Z" finished-at="2023-07-21T14:31:34Z">
          <reporter-output>
          </reporter-output>
        </test-method> <!-- verifySendManualErrand_03 -->
        <test-method status="PASS" signature="tearDown()[pri:0, instance:testCasesArea.ErrandAndWorkflowTC@45afc369]" name="tearDown" is-config="true" duration-ms="362" started-at="2023-07-21T14:31:34Z" finished-at="2023-07-21T14:31:35Z">
          <reporter-output>
          </reporter-output>
        </test-method> <!-- tearDown -->
      </class> <!-- testCasesArea.ErrandAndWorkflowTC -->
    </test> <!-- Create Manual Errand -->
  </suite> <!-- cention-QA -->
</testng-results>
